SF:lib\domain\model\user\user_model.dart
DA:2,0
LF:1
LH:0
end_of_record
SF:lib\domain\model\user\user_tokens.dart
DA:4,1
DA:14,0
DA:15,0
DA:16,0
DA:17,0
DA:18,0
LF:6
LH:1
end_of_record
SF:lib\external\remote_data_source\user\user_remote_data_source_impl.dart
DA:12,1
DA:20,0
DA:21,0
DA:24,0
DA:26,0
DA:27,0
DA:28,0
DA:31,0
DA:33,0
DA:35,0
DA:36,0
DA:37,0
DA:38,0
DA:40,0
DA:43,0
LF:15
LH:1
end_of_record
SF:lib\data\mapper\model_to_remote.dart
DA:5,0
DA:6,0
DA:7,0
LF:3
LH:0
end_of_record
SF:lib\data\remote\user\model\user\user_request.dart
DA:7,0
DA:12,0
DA:13,0
DA:18,0
LF:4
LH:0
end_of_record
SF:lib\data\remote\user\model\user\user_request.g.dart
DA:9,0
DA:10,0
DA:11,0
DA:12,0
DA:16,0
DA:17,0
DA:18,0
DA:19,0
LF:8
LH:0
end_of_record
